Arguments: 
  /usr/local/bin/node /usr/local/bin/yarn add react-app-rewired customize-cra

PATH: 
  /usr/local/bin:/usr/bin:/bin:/usr/sbin:/sbin

Yarn version: 
  1.16.0

Node version: 
  10.15.0

Platform: 
  darwin x64

Trace: 
  Error: ENOENT: no such file or directory, copyfile '/Users/apple/Library/Caches/Yarn/v4/npm-ansi-regex-4.1.0-8b9f8f08cf1acb843756a839ca8c7e3168c51997/node_modules/ansi-regex/index.js' -> '/Users/apple/work/fellows31/qq/node_modules/@jest/core/node_modules/ansi-regex/index.js'

npm manifest: 
  {
    "name": "qq",
    "version": "0.1.0",
    "private": true,
    "dependencies": {
      "antd": "^3.18.2",
      "react": "^16.8.6",
      "react-app-rewired": "^2.1.3",
      "react-dom": "^16.8.6",
      "react-scripts": "3.0.1"
    },
    "scripts": {
           "start": "react-app-rewired start",
           "build": "react-app-rewired build",
           "test": "react-app-rewired test"
    },
    "eslintConfig": {
      "extends": "react-app"
    },
    "browserslist": {
      "production": [
        ">0.2%",
        "not dead",
        "not op_mini all"
      ],
      "development": [
        "last 1 chrome version",
        "last 1 firefox version",
        "last 1 safari version"
      ]
    },
    "devDependencies": {
      "babel-plugin-import": "^1.11.2"
    }
  }

yarn manifest: 
  No manifest

Lockfile: 
  No lockfile
